<?xml version="1.0" encoding="UTF-8"?>
<testsuite name="com.kodilla.stream.forum.ForumUserTestSuite" tests="2" skipped="0" failures="0" errors="0" timestamp="2021-03-23T02:25:36" hostname="ANSIBL-AORUS" time="0.002">
  <properties/>
  <testcase name="testGetLocationsOfFriends()" classname="com.kodilla.stream.forum.ForumUserTestSuite" time="0.002"/>
  <testcase name="testGetLocationsOfFriendsOfFriends()" classname="com.kodilla.stream.forum.ForumUserTestSuite" time="0.0"/>
  <system-out><![CDATA[]]></system-out>
  <system-err><![CDATA[]]></system-err>
</testsuite>
