<?xml version="1.0" encoding="UTF-8"?>
<testsuite name="com.kodilla.stream.array.ArrayOperationsTestSuite" tests="1" skipped="0" failures="0" errors="0" timestamp="2021-03-23T02:25:36" hostname="ANSIBL-AORUS" time="0.026">
  <properties/>
  <testcase name="testGetAverage()" classname="com.kodilla.stream.array.ArrayOperationsTestSuite" time="0.026"/>
  <system-out><![CDATA[Displaying elements of array:
2
4
6
8
10
12
14
16
18
20
22
24
26
28
30
32
34
36
38
40
2
4
6
8
10
12
14
16
18
20
22
24
26
28
30
32
34
36
38
40
Average = OptionalDouble[21.0]
]]></system-out>
  <system-err><![CDATA[]]></system-err>
</testsuite>
