<?xml version="1.0" encoding="UTF-8"?>
<testsuite name="com.kodilla.spring.reader.ReaderTestSuite" tests="2" skipped="0" failures="0" errors="0" timestamp="2021-03-23T02:25:30" hostname="ANSIBL-AORUS" time="0.014">
  <properties/>
  <testcase name="testRead()" classname="com.kodilla.spring.reader.ReaderTestSuite" time="0.007"/>
  <testcase name="testConditional()" classname="com.kodilla.spring.reader.ReaderTestSuite" time="0.007"/>
  <system-out><![CDATA[2021-03-23 03:25:30.162  INFO 18580 --- [    Test worker] .b.t.c.SpringBootTestContextBootstrapper : Neither @ContextConfiguration nor @ContextHierarchy found for test class [com.kodilla.spring.reader.ReaderTestSuite], using SpringBootContextLoader
2021-03-23 03:25:30.162  INFO 18580 --- [    Test worker] o.s.t.c.support.AbstractContextLoader    : Could not detect default resource locations for test class [com.kodilla.spring.reader.ReaderTestSuite]: no resource found for suffixes {-context.xml, Context.groovy}.
2021-03-23 03:25:30.162  INFO 18580 --- [    Test worker] t.c.s.AnnotationConfigContextLoaderUtils : Could not detect default configuration classes for test class [com.kodilla.spring.reader.ReaderTestSuite]: ReaderTestSuite does not declare any static, non-private, non-final, nested classes annotated with @Configuration.
2021-03-23 03:25:30.169  INFO 18580 --- [    Test worker] .b.t.c.SpringBootTestContextBootstrapper : Found @SpringBootConfiguration com.kodilla.KodillaSpringApplication for test class com.kodilla.spring.reader.ReaderTestSuite
2021-03-23 03:25:30.171  INFO 18580 --- [    Test worker] .b.t.c.SpringBootTestContextBootstrapper : Loaded default TestExecutionListener class names from location [META-INF/spring.factories]: [org.springframework.boot.test.autoconfigure.restdocs.RestDocsTestExecutionListener, org.springframework.boot.test.autoconfigure.web.client.MockRestServiceServerResetTestExecutionListener, org.springframework.boot.test.autoconfigure.web.servlet.MockMvcPrintOnlyOnFailureTestExecutionListener, org.springframework.boot.test.autoconfigure.web.servlet.WebDriverTestExecutionListener, org.springframework.boot.test.autoconfigure.webservices.client.MockWebServiceServerTestExecutionListener, org.springframework.boot.test.mock.mockito.MockitoTestExecutionListener, org.springframework.boot.test.mock.mockito.ResetMocksTestExecutionListener, org.springframework.test.context.web.ServletTestExecutionListener, org.springframework.test.context.support.DirtiesContextBeforeModesTestExecutionListener, org.springframework.test.context.support.DependencyInjectionTestExecutionListener, org.springframework.test.context.support.DirtiesContextTestExecutionListener, org.springframework.test.context.transaction.TransactionalTestExecutionListener, org.springframework.test.context.jdbc.SqlScriptsTestExecutionListener, org.springframework.test.context.event.EventPublishingTestExecutionListener]
2021-03-23 03:25:30.172  INFO 18580 --- [    Test worker] .b.t.c.SpringBootTestContextBootstrapper : Using TestExecutionListeners: [org.springframework.test.context.support.DirtiesContextBeforeModesTestExecutionListener@66476ac5, org.springframework.boot.test.mock.mockito.MockitoTestExecutionListener@253dcb32, org.springframework.boot.test.autoconfigure.SpringBootDependencyInjectionTestExecutionListener@3cd0150c, org.springframework.test.context.support.DirtiesContextTestExecutionListener@76867cf8, org.springframework.test.context.event.EventPublishingTestExecutionListener@2b4a21af, org.springframework.boot.test.autoconfigure.restdocs.RestDocsTestExecutionListener@60650baf, org.springframework.boot.test.autoconfigure.web.client.MockRestServiceServerResetTestExecutionListener@5ca11ada, org.springframework.boot.test.autoconfigure.web.servlet.MockMvcPrintOnlyOnFailureTestExecutionListener@1985cc0a, org.springframework.boot.test.autoconfigure.web.servlet.WebDriverTestExecutionListener@6338d1cc, org.springframework.boot.test.autoconfigure.webservices.client.MockWebServiceServerTestExecutionListener@2bc88677, org.springframework.boot.test.mock.mockito.ResetMocksTestExecutionListener@7feb3e1e]
Reading: The book number one
Bean book2 was found in the container: false
]]></system-out>
  <system-err><![CDATA[]]></system-err>
</testsuite>
