<?xml version="1.0" encoding="UTF-8"?>
<testsuite name="com.kodilla.spring.forum.ForumUserTestSuite" tests="1" skipped="0" failures="0" errors="0" timestamp="2021-03-23T02:25:30" hostname="ANSIBL-AORUS" time="0.025">
  <properties/>
  <testcase name="testGetUsername()" classname="com.kodilla.spring.forum.ForumUserTestSuite" time="0.025"/>
  <system-out><![CDATA[2021-03-23 03:25:30.058  INFO 18580 --- [    Test worker] .b.t.c.SpringBootTestContextBootstrapper : Neither @ContextConfiguration nor @ContextHierarchy found for test class [com.kodilla.spring.forum.ForumUserTestSuite], using SpringBootContextLoader
2021-03-23 03:25:30.059  INFO 18580 --- [    Test worker] o.s.t.c.support.AbstractContextLoader    : Could not detect default resource locations for test class [com.kodilla.spring.forum.ForumUserTestSuite]: no resource found for suffixes {-context.xml, Context.groovy}.
2021-03-23 03:25:30.059  INFO 18580 --- [    Test worker] t.c.s.AnnotationConfigContextLoaderUtils : Could not detect default configuration classes for test class [com.kodilla.spring.forum.ForumUserTestSuite]: ForumUserTestSuite does not declare any static, non-private, non-final, nested classes annotated with @Configuration.
2021-03-23 03:25:30.065  INFO 18580 --- [    Test worker] .b.t.c.SpringBootTestContextBootstrapper : Found @SpringBootConfiguration com.kodilla.KodillaSpringApplication for test class com.kodilla.spring.forum.ForumUserTestSuite
2021-03-23 03:25:30.067  INFO 18580 --- [    Test worker] .b.t.c.SpringBootTestContextBootstrapper : Loaded default TestExecutionListener class names from location [META-INF/spring.factories]: [org.springframework.boot.test.autoconfigure.restdocs.RestDocsTestExecutionListener, org.springframework.boot.test.autoconfigure.web.client.MockRestServiceServerResetTestExecutionListener, org.springframework.boot.test.autoconfigure.web.servlet.MockMvcPrintOnlyOnFailureTestExecutionListener, org.springframework.boot.test.autoconfigure.web.servlet.WebDriverTestExecutionListener, org.springframework.boot.test.autoconfigure.webservices.client.MockWebServiceServerTestExecutionListener, org.springframework.boot.test.mock.mockito.MockitoTestExecutionListener, org.springframework.boot.test.mock.mockito.ResetMocksTestExecutionListener, org.springframework.test.context.web.ServletTestExecutionListener, org.springframework.test.context.support.DirtiesContextBeforeModesTestExecutionListener, org.springframework.test.context.support.DependencyInjectionTestExecutionListener, org.springframework.test.context.support.DirtiesContextTestExecutionListener, org.springframework.test.context.transaction.TransactionalTestExecutionListener, org.springframework.test.context.jdbc.SqlScriptsTestExecutionListener, org.springframework.test.context.event.EventPublishingTestExecutionListener]
2021-03-23 03:25:30.068  INFO 18580 --- [    Test worker] .b.t.c.SpringBootTestContextBootstrapper : Using TestExecutionListeners: [org.springframework.test.context.support.DirtiesContextBeforeModesTestExecutionListener@10533eb0, org.springframework.boot.test.mock.mockito.MockitoTestExecutionListener@5322a955, org.springframework.boot.test.autoconfigure.SpringBootDependencyInjectionTestExecutionListener@19092265, org.springframework.test.context.support.DirtiesContextTestExecutionListener@1a0bdf58, org.springframework.test.context.event.EventPublishingTestExecutionListener@13a4d417, org.springframework.boot.test.autoconfigure.restdocs.RestDocsTestExecutionListener@550aaf37, org.springframework.boot.test.autoconfigure.web.client.MockRestServiceServerResetTestExecutionListener@540b5f9, org.springframework.boot.test.autoconfigure.web.servlet.MockMvcPrintOnlyOnFailureTestExecutionListener@41755b16, org.springframework.boot.test.autoconfigure.web.servlet.WebDriverTestExecutionListener@74c42b43, org.springframework.boot.test.autoconfigure.webservices.client.MockWebServiceServerTestExecutionListener@74b741fb, org.springframework.boot.test.mock.mockito.ResetMocksTestExecutionListener@7458dde9]
]]></system-out>
  <system-err><![CDATA[]]></system-err>
</testsuite>
