<?xml version="1.0" encoding="UTF-8"?>
<testsuite name="com.kodilla.KodillaSpringApplicationTests" tests="5" skipped="0" failures="0" errors="0" timestamp="2021-03-23T02:25:29" hostname="ANSIBL-AORUS" time="0.371">
  <properties/>
  <testcase name="testCircleLoadedIntoContainer()" classname="com.kodilla.KodillaSpringApplicationTests" time="0.282"/>
  <testcase name="testShapeLoadedIntoContainer()" classname="com.kodilla.KodillaSpringApplicationTests" time="0.032"/>
  <testcase name="testSquareLoadedIntoContainer()" classname="com.kodilla.KodillaSpringApplicationTests" time="0.028"/>
  <testcase name="testTriangleLoadedIntoContainer()" classname="com.kodilla.KodillaSpringApplicationTests" time="0.026"/>
  <testcase name="contextLoads()" classname="com.kodilla.KodillaSpringApplicationTests" time="0.001"/>
  <system-out><![CDATA[03:25:28.810 [Test worker] DEBUG org.springframework.test.context.BootstrapUtils - Instantiating CacheAwareContextLoaderDelegate from class [org.springframework.test.context.cache.DefaultCacheAwareContextLoaderDelegate]
03:25:28.819 [Test worker] DEBUG org.springframework.test.context.BootstrapUtils - Instantiating BootstrapContext using constructor [public org.springframework.test.context.support.DefaultBootstrapContext(java.lang.Class,org.springframework.test.context.CacheAwareContextLoaderDelegate)]
03:25:28.840 [Test worker] DEBUG org.springframework.test.context.BootstrapUtils - Instantiating TestContextBootstrapper for test class [com.kodilla.KodillaSpringApplicationTests] from class [org.springframework.boot.test.context.SpringBootTestContextBootstrapper]
03:25:28.849 [Test worker] INFO org.springframework.boot.test.context.SpringBootTestContextBootstrapper - Neither @ContextConfiguration nor @ContextHierarchy found for test class [com.kodilla.KodillaSpringApplicationTests], using SpringBootContextLoader
03:25:28.852 [Test worker] DEBUG org.springframework.test.context.support.AbstractContextLoader - Did not detect default resource location for test class [com.kodilla.KodillaSpringApplicationTests]: class path resource [com/kodilla/KodillaSpringApplicationTests-context.xml] does not exist
03:25:28.852 [Test worker] DEBUG org.springframework.test.context.support.AbstractContextLoader - Did not detect default resource location for test class [com.kodilla.KodillaSpringApplicationTests]: class path resource [com/kodilla/KodillaSpringApplicationTestsContext.groovy] does not exist
03:25:28.853 [Test worker] INFO org.springframework.test.context.support.AbstractContextLoader - Could not detect default resource locations for test class [com.kodilla.KodillaSpringApplicationTests]: no resource found for suffixes {-context.xml, Context.groovy}.
03:25:28.853 [Test worker] INFO org.springframework.test.context.support.AnnotationConfigContextLoaderUtils - Could not detect default configuration classes for test class [com.kodilla.KodillaSpringApplicationTests]: KodillaSpringApplicationTests does not declare any static, non-private, non-final, nested classes annotated with @Configuration.
03:25:28.879 [Test worker] DEBUG org.springframework.test.context.support.ActiveProfilesUtils - Could not find an 'annotation declaring class' for annotation type [org.springframework.test.context.ActiveProfiles] and class [com.kodilla.KodillaSpringApplicationTests]
03:25:28.928 [Test worker] DEBUG org.springframework.context.annotation.ClassPathScanningCandidateComponentProvider - Identified candidate component class: file [C:\Development\Projects\kodilla-course\kodilla-spring\build\classes\java\main\com\kodilla\KodillaSpringApplication.class]
03:25:28.929 [Test worker] INFO org.springframework.boot.test.context.SpringBootTestContextBootstrapper - Found @SpringBootConfiguration com.kodilla.KodillaSpringApplication for test class com.kodilla.KodillaSpringApplicationTests
03:25:29.001 [Test worker] DEBUG org.springframework.boot.test.context.SpringBootTestContextBootstrapper - @TestExecutionListeners is not present for class [com.kodilla.KodillaSpringApplicationTests]: using defaults.
03:25:29.001 [Test worker] INFO org.springframework.boot.test.context.SpringBootTestContextBootstrapper - Loaded default TestExecutionListener class names from location [META-INF/spring.factories]: [org.springframework.boot.test.autoconfigure.restdocs.RestDocsTestExecutionListener, org.springframework.boot.test.autoconfigure.web.client.MockRestServiceServerResetTestExecutionListener, org.springframework.boot.test.autoconfigure.web.servlet.MockMvcPrintOnlyOnFailureTestExecutionListener, org.springframework.boot.test.autoconfigure.web.servlet.WebDriverTestExecutionListener, org.springframework.boot.test.autoconfigure.webservices.client.MockWebServiceServerTestExecutionListener, org.springframework.boot.test.mock.mockito.MockitoTestExecutionListener, org.springframework.boot.test.mock.mockito.ResetMocksTestExecutionListener, org.springframework.test.context.web.ServletTestExecutionListener, org.springframework.test.context.support.DirtiesContextBeforeModesTestExecutionListener, org.springframework.test.context.support.DependencyInjectionTestExecutionListener, org.springframework.test.context.support.DirtiesContextTestExecutionListener, org.springframework.test.context.transaction.TransactionalTestExecutionListener, org.springframework.test.context.jdbc.SqlScriptsTestExecutionListener, org.springframework.test.context.event.EventPublishingTestExecutionListener]
03:25:29.008 [Test worker] DEBUG org.springframework.boot.test.context.SpringBootTestContextBootstrapper - Skipping candidate TestExecutionListener [org.springframework.test.context.web.ServletTestExecutionListener] due to a missing dependency. Specify custom listener classes or make the default listener classes and their required dependencies available. Offending class: [javax/servlet/ServletContext]
03:25:29.009 [Test worker] DEBUG org.springframework.boot.test.context.SpringBootTestContextBootstrapper - Skipping candidate TestExecutionListener [org.springframework.test.context.transaction.TransactionalTestExecutionListener] due to a missing dependency. Specify custom listener classes or make the default listener classes and their required dependencies available. Offending class: [org/springframework/transaction/interceptor/TransactionAttributeSource]
03:25:29.009 [Test worker] DEBUG org.springframework.boot.test.context.SpringBootTestContextBootstrapper - Skipping candidate TestExecutionListener [org.springframework.test.context.jdbc.SqlScriptsTestExecutionListener] due to a missing dependency. Specify custom listener classes or make the default listener classes and their required dependencies available. Offending class: [org/springframework/transaction/interceptor/TransactionAttribute]
03:25:29.009 [Test worker] INFO org.springframework.boot.test.context.SpringBootTestContextBootstrapper - Using TestExecutionListeners: [org.springframework.test.context.support.DirtiesContextBeforeModesTestExecutionListener@34c935f1, org.springframework.boot.test.mock.mockito.MockitoTestExecutionListener@1af16fea, org.springframework.boot.test.autoconfigure.SpringBootDependencyInjectionTestExecutionListener@1f161173, org.springframework.test.context.support.DirtiesContextTestExecutionListener@20ad2389, org.springframework.test.context.event.EventPublishingTestExecutionListener@5d36fcd0, org.springframework.boot.test.autoconfigure.restdocs.RestDocsTestExecutionListener@4ca956a3, org.springframework.boot.test.autoconfigure.web.client.MockRestServiceServerResetTestExecutionListener@639b5bcc, org.springframework.boot.test.autoconfigure.web.servlet.MockMvcPrintOnlyOnFailureTestExecutionListener@2a638d5d, org.springframework.boot.test.autoconfigure.web.servlet.WebDriverTestExecutionListener@40d924bd, org.springframework.boot.test.autoconfigure.webservices.client.MockWebServiceServerTestExecutionListener@46437e4b, org.springframework.boot.test.mock.mockito.ResetMocksTestExecutionListener@7fbf1874]
03:25:29.012 [Test worker] DEBUG org.springframework.test.context.support.AbstractDirtiesContextTestExecutionListener - Before test class: context [DefaultTestContext@1cf93c71 testClass = KodillaSpringApplicationTests, testInstance = [null], testMethod = [null], testException = [null], mergedContextConfiguration = [MergedContextConfiguration@374099ec testClass = KodillaSpringApplicationTests, locations = '{}', classes = '{class com.kodilla.KodillaSpringApplication}', contextInitializerClasses = '[]', activeProfiles = '{}', propertySourceLocations = '{}', propertySourceProperties = '{org.springframework.boot.test.context.SpringBootTestContextBootstrapper=true}', contextCustomizers = set[org.springframework.boot.test.autoconfigure.properties.PropertyMappingContextCustomizer@0, org.springframework.boot.test.autoconfigure.web.servlet.WebDriverContextCustomizerFactory$Customizer@2261235, org.springframework.boot.test.context.filter.ExcludeFilterContextCustomizer@16956b50, org.springframework.boot.test.json.DuplicateJsonObjectContextCustomizerFactory$DuplicateJsonObjectContextCustomizer@6ed18735, org.springframework.boot.test.mock.mockito.MockitoContextCustomizer@0, org.springframework.boot.test.web.client.TestRestTemplateContextCustomizer@1748cd1c, org.springframework.boot.test.context.SpringBootTestArgs@1], contextLoader = 'org.springframework.boot.test.context.SpringBootContextLoader', parent = [null]], attributes = map[[empty]]], class annotated with @DirtiesContext [false] with mode [null].
03:25:29.021 [Test worker] DEBUG org.springframework.test.context.support.DependencyInjectionTestExecutionListener - Performing dependency injection for test context [[DefaultTestContext@1cf93c71 testClass = KodillaSpringApplicationTests, testInstance = com.kodilla.KodillaSpringApplicationTests@1574bb9b, testMethod = [null], testException = [null], mergedContextConfiguration = [MergedContextConfiguration@374099ec testClass = KodillaSpringApplicationTests, locations = '{}', classes = '{class com.kodilla.KodillaSpringApplication}', contextInitializerClasses = '[]', activeProfiles = '{}', propertySourceLocations = '{}', propertySourceProperties = '{org.springframework.boot.test.context.SpringBootTestContextBootstrapper=true}', contextCustomizers = set[org.springframework.boot.test.autoconfigure.properties.PropertyMappingContextCustomizer@0, org.springframework.boot.test.autoconfigure.web.servlet.WebDriverContextCustomizerFactory$Customizer@2261235, org.springframework.boot.test.context.filter.ExcludeFilterContextCustomizer@16956b50, org.springframework.boot.test.json.DuplicateJsonObjectContextCustomizerFactory$DuplicateJsonObjectContextCustomizer@6ed18735, org.springframework.boot.test.mock.mockito.MockitoContextCustomizer@0, org.springframework.boot.test.web.client.TestRestTemplateContextCustomizer@1748cd1c, org.springframework.boot.test.context.SpringBootTestArgs@1], contextLoader = 'org.springframework.boot.test.context.SpringBootContextLoader', parent = [null]], attributes = map[[empty]]]].
03:25:29.038 [Test worker] DEBUG org.springframework.test.context.support.TestPropertySourceUtils - Adding inlined properties to environment: {spring.jmx.enabled=false, org.springframework.boot.test.context.SpringBootTestContextBootstrapper=true}

  .   ____          _            __ _ _
 /\\ / ___'_ __ _ _(_)_ __  __ _ \ \ \ \
( ( )\___ | '_ | '_| | '_ \/ _` | \ \ \ \
 \\/  ___)| |_)| | | | | || (_| |  ) ) ) )
  '  |____| .__|_| |_|_| |_\__, | / / / /
 =========|_|==============|___/=/_/_/_/
 :: Spring Boot ::        (v2.3.0.RELEASE)

2021-03-23 03:25:29.246  INFO 18580 --- [    Test worker] c.kodilla.KodillaSpringApplicationTests  : Starting KodillaSpringApplicationTests on Ansibl-Aorus with PID 18580 (started by wiesz in C:\Development\Projects\kodilla-course\kodilla-spring)
2021-03-23 03:25:29.247  INFO 18580 --- [    Test worker] c.kodilla.KodillaSpringApplicationTests  : No active profile set, falling back to default profiles: default
2021-03-23 03:25:29.659  INFO 18580 --- [    Test worker] c.kodilla.KodillaSpringApplicationTests  : Started KodillaSpringApplicationTests in 0.618 seconds (JVM running for 1.64)
Chosen shape says: This is a triangle.
]]></system-out>
  <system-err><![CDATA[]]></system-err>
</testsuite>
