<?xml version="1.0" encoding="UTF-8"?>
<testsuite name="com.kodilla.spring.calculator.CalculatorTestSuite" tests="4" skipped="0" failures="0" errors="0" timestamp="2021-03-23T02:25:30" hostname="ANSIBL-AORUS" time="0.008">
  <properties/>
  <testcase name="testAdd()" classname="com.kodilla.spring.calculator.CalculatorTestSuite" time="0.002"/>
  <testcase name="testDiv()" classname="com.kodilla.spring.calculator.CalculatorTestSuite" time="0.001"/>
  <testcase name="testMul()" classname="com.kodilla.spring.calculator.CalculatorTestSuite" time="0.001"/>
  <testcase name="testSub()" classname="com.kodilla.spring.calculator.CalculatorTestSuite" time="0.002"/>
  <system-out><![CDATA[2021-03-23 03:25:30.036  INFO 18580 --- [    Test worker] .b.t.c.SpringBootTestContextBootstrapper : Neither @ContextConfiguration nor @ContextHierarchy found for test class [com.kodilla.spring.calculator.CalculatorTestSuite], using SpringBootContextLoader
2021-03-23 03:25:30.037  INFO 18580 --- [    Test worker] o.s.t.c.support.AbstractContextLoader    : Could not detect default resource locations for test class [com.kodilla.spring.calculator.CalculatorTestSuite]: no resource found for suffixes {-context.xml, Context.groovy}.
2021-03-23 03:25:30.037  INFO 18580 --- [    Test worker] t.c.s.AnnotationConfigContextLoaderUtils : Could not detect default configuration classes for test class [com.kodilla.spring.calculator.CalculatorTestSuite]: CalculatorTestSuite does not declare any static, non-private, non-final, nested classes annotated with @Configuration.
2021-03-23 03:25:30.044  INFO 18580 --- [    Test worker] .b.t.c.SpringBootTestContextBootstrapper : Found @SpringBootConfiguration com.kodilla.KodillaSpringApplication for test class com.kodilla.spring.calculator.CalculatorTestSuite
2021-03-23 03:25:30.046  INFO 18580 --- [    Test worker] .b.t.c.SpringBootTestContextBootstrapper : Loaded default TestExecutionListener class names from location [META-INF/spring.factories]: [org.springframework.boot.test.autoconfigure.restdocs.RestDocsTestExecutionListener, org.springframework.boot.test.autoconfigure.web.client.MockRestServiceServerResetTestExecutionListener, org.springframework.boot.test.autoconfigure.web.servlet.MockMvcPrintOnlyOnFailureTestExecutionListener, org.springframework.boot.test.autoconfigure.web.servlet.WebDriverTestExecutionListener, org.springframework.boot.test.autoconfigure.webservices.client.MockWebServiceServerTestExecutionListener, org.springframework.boot.test.mock.mockito.MockitoTestExecutionListener, org.springframework.boot.test.mock.mockito.ResetMocksTestExecutionListener, org.springframework.test.context.web.ServletTestExecutionListener, org.springframework.test.context.support.DirtiesContextBeforeModesTestExecutionListener, org.springframework.test.context.support.DependencyInjectionTestExecutionListener, org.springframework.test.context.support.DirtiesContextTestExecutionListener, org.springframework.test.context.transaction.TransactionalTestExecutionListener, org.springframework.test.context.jdbc.SqlScriptsTestExecutionListener, org.springframework.test.context.event.EventPublishingTestExecutionListener]
2021-03-23 03:25:30.047  INFO 18580 --- [    Test worker] .b.t.c.SpringBootTestContextBootstrapper : Using TestExecutionListeners: [org.springframework.test.context.support.DirtiesContextBeforeModesTestExecutionListener@1d926e6f, org.springframework.boot.test.mock.mockito.MockitoTestExecutionListener@5a4e732d, org.springframework.boot.test.autoconfigure.SpringBootDependencyInjectionTestExecutionListener@1a0b52a6, org.springframework.test.context.support.DirtiesContextTestExecutionListener@33d9aac0, org.springframework.test.context.event.EventPublishingTestExecutionListener@3db65bc2, org.springframework.boot.test.autoconfigure.restdocs.RestDocsTestExecutionListener@14c88042, org.springframework.boot.test.autoconfigure.web.client.MockRestServiceServerResetTestExecutionListener@54167e1f, org.springframework.boot.test.autoconfigure.web.servlet.MockMvcPrintOnlyOnFailureTestExecutionListener@2a6751f7, org.springframework.boot.test.autoconfigure.web.servlet.WebDriverTestExecutionListener@25006732, org.springframework.boot.test.autoconfigure.webservices.client.MockWebServiceServerTestExecutionListener@759a2940, org.springframework.boot.test.mock.mockito.ResetMocksTestExecutionListener@129b576a]
Rezultat = 8.0
Rezultat = 5.0
Rezultat = 15.0
Rezultat = 2.0
]]></system-out>
  <system-err><![CDATA[]]></system-err>
</testsuite>
