<?xml version="1.0" encoding="UTF-8"?>
<testsuite name="com.kodilla.spring.library.LibraryTestSuite" tests="3" skipped="0" failures="0" errors="0" timestamp="2021-03-23T02:25:30" hostname="ANSIBL-AORUS" time="0.031">
  <properties/>
  <testcase name="testSaveToDb()" classname="com.kodilla.spring.library.LibraryTestSuite" time="0.002"/>
  <testcase name="testLoadFromDb()" classname="com.kodilla.spring.library.LibraryTestSuite" time="0.001"/>
  <testcase name="testContext()" classname="com.kodilla.spring.library.LibraryTestSuite" time="0.026"/>
  <system-out><![CDATA[2021-03-23 03:25:30.096  INFO 18580 --- [    Test worker] .b.t.c.SpringBootTestContextBootstrapper : Neither @ContextConfiguration nor @ContextHierarchy found for test class [com.kodilla.spring.library.LibraryTestSuite], using SpringBootContextLoader
2021-03-23 03:25:30.097  INFO 18580 --- [    Test worker] o.s.t.c.support.AbstractContextLoader    : Could not detect default resource locations for test class [com.kodilla.spring.library.LibraryTestSuite]: no resource found for suffixes {-context.xml, Context.groovy}.
2021-03-23 03:25:30.097  INFO 18580 --- [    Test worker] t.c.s.AnnotationConfigContextLoaderUtils : Could not detect default configuration classes for test class [com.kodilla.spring.library.LibraryTestSuite]: LibraryTestSuite does not declare any static, non-private, non-final, nested classes annotated with @Configuration.
2021-03-23 03:25:30.104  INFO 18580 --- [    Test worker] .b.t.c.SpringBootTestContextBootstrapper : Found @SpringBootConfiguration com.kodilla.KodillaSpringApplication for test class com.kodilla.spring.library.LibraryTestSuite
2021-03-23 03:25:30.106  INFO 18580 --- [    Test worker] .b.t.c.SpringBootTestContextBootstrapper : Loaded default TestExecutionListener class names from location [META-INF/spring.factories]: [org.springframework.boot.test.autoconfigure.restdocs.RestDocsTestExecutionListener, org.springframework.boot.test.autoconfigure.web.client.MockRestServiceServerResetTestExecutionListener, org.springframework.boot.test.autoconfigure.web.servlet.MockMvcPrintOnlyOnFailureTestExecutionListener, org.springframework.boot.test.autoconfigure.web.servlet.WebDriverTestExecutionListener, org.springframework.boot.test.autoconfigure.webservices.client.MockWebServiceServerTestExecutionListener, org.springframework.boot.test.mock.mockito.MockitoTestExecutionListener, org.springframework.boot.test.mock.mockito.ResetMocksTestExecutionListener, org.springframework.test.context.web.ServletTestExecutionListener, org.springframework.test.context.support.DirtiesContextBeforeModesTestExecutionListener, org.springframework.test.context.support.DependencyInjectionTestExecutionListener, org.springframework.test.context.support.DirtiesContextTestExecutionListener, org.springframework.test.context.transaction.TransactionalTestExecutionListener, org.springframework.test.context.jdbc.SqlScriptsTestExecutionListener, org.springframework.test.context.event.EventPublishingTestExecutionListener]
2021-03-23 03:25:30.107  INFO 18580 --- [    Test worker] .b.t.c.SpringBootTestContextBootstrapper : Using TestExecutionListeners: [org.springframework.test.context.support.DirtiesContextBeforeModesTestExecutionListener@578d9ac1, org.springframework.boot.test.mock.mockito.MockitoTestExecutionListener@75d4b4e5, org.springframework.boot.test.autoconfigure.SpringBootDependencyInjectionTestExecutionListener@2ce12135, org.springframework.test.context.support.DirtiesContextTestExecutionListener@79c5e72a, org.springframework.test.context.event.EventPublishingTestExecutionListener@42252141, org.springframework.boot.test.autoconfigure.restdocs.RestDocsTestExecutionListener@1206d67c, org.springframework.boot.test.autoconfigure.web.client.MockRestServiceServerResetTestExecutionListener@374ba580, org.springframework.boot.test.autoconfigure.web.servlet.MockMvcPrintOnlyOnFailureTestExecutionListener@61e1e8f4, org.springframework.boot.test.autoconfigure.web.servlet.WebDriverTestExecutionListener@a25e2a0, org.springframework.boot.test.autoconfigure.webservices.client.MockWebServiceServerTestExecutionListener@2e3470ae, org.springframework.boot.test.mock.mockito.ResetMocksTestExecutionListener@4439b74d]
Saving data to the database.
Loading data from the database.
===== Beans list: ==== >>
org.springframework.context.annotation.internalConfigurationAnnotationProcessor
org.springframework.context.annotation.internalAutowiredAnnotationProcessor
org.springframework.context.annotation.internalCommonAnnotationProcessor
org.springframework.context.event.internalEventListenerProcessor
org.springframework.context.event.internalEventListenerFactory
calculator
display
forumUser
library
libraryConfig
boardConfig
readerConfig
circle
shapesFactory
triangle
libraryDbController
getBoard
toDoList
inProgressList
doneList
getReader
book1
createSquare
chosenShape
<< ===== Beans list =====
]]></system-out>
  <system-err><![CDATA[]]></system-err>
</testsuite>
