<?xml version="1.0" encoding="UTF-8"?>
<testsuite name="com.kodilla.spring.portfolio.BoardTestSuite" tests="1" skipped="0" failures="0" errors="0" timestamp="2021-03-23T02:25:30" hostname="ANSIBL-AORUS" time="0.007">
  <properties/>
  <testcase name="testTaskAdd()" classname="com.kodilla.spring.portfolio.BoardTestSuite" time="0.007"/>
  <system-out><![CDATA[2021-03-23 03:25:30.140  INFO 18580 --- [    Test worker] .b.t.c.SpringBootTestContextBootstrapper : Neither @ContextConfiguration nor @ContextHierarchy found for test class [com.kodilla.spring.portfolio.BoardTestSuite], using SpringBootContextLoader
2021-03-23 03:25:30.141  INFO 18580 --- [    Test worker] o.s.t.c.support.AbstractContextLoader    : Could not detect default resource locations for test class [com.kodilla.spring.portfolio.BoardTestSuite]: no resource found for suffixes {-context.xml, Context.groovy}.
2021-03-23 03:25:30.142  INFO 18580 --- [    Test worker] t.c.s.AnnotationConfigContextLoaderUtils : Could not detect default configuration classes for test class [com.kodilla.spring.portfolio.BoardTestSuite]: BoardTestSuite does not declare any static, non-private, non-final, nested classes annotated with @Configuration.
2021-03-23 03:25:30.149  INFO 18580 --- [    Test worker] .b.t.c.SpringBootTestContextBootstrapper : Found @SpringBootConfiguration com.kodilla.KodillaSpringApplication for test class com.kodilla.spring.portfolio.BoardTestSuite
2021-03-23 03:25:30.151  INFO 18580 --- [    Test worker] .b.t.c.SpringBootTestContextBootstrapper : Loaded default TestExecutionListener class names from location [META-INF/spring.factories]: [org.springframework.boot.test.autoconfigure.restdocs.RestDocsTestExecutionListener, org.springframework.boot.test.autoconfigure.web.client.MockRestServiceServerResetTestExecutionListener, org.springframework.boot.test.autoconfigure.web.servlet.MockMvcPrintOnlyOnFailureTestExecutionListener, org.springframework.boot.test.autoconfigure.web.servlet.WebDriverTestExecutionListener, org.springframework.boot.test.autoconfigure.webservices.client.MockWebServiceServerTestExecutionListener, org.springframework.boot.test.mock.mockito.MockitoTestExecutionListener, org.springframework.boot.test.mock.mockito.ResetMocksTestExecutionListener, org.springframework.test.context.web.ServletTestExecutionListener, org.springframework.test.context.support.DirtiesContextBeforeModesTestExecutionListener, org.springframework.test.context.support.DependencyInjectionTestExecutionListener, org.springframework.test.context.support.DirtiesContextTestExecutionListener, org.springframework.test.context.transaction.TransactionalTestExecutionListener, org.springframework.test.context.jdbc.SqlScriptsTestExecutionListener, org.springframework.test.context.event.EventPublishingTestExecutionListener]
2021-03-23 03:25:30.152  INFO 18580 --- [    Test worker] .b.t.c.SpringBootTestContextBootstrapper : Using TestExecutionListeners: [org.springframework.test.context.support.DirtiesContextBeforeModesTestExecutionListener@4e6b4998, org.springframework.boot.test.mock.mockito.MockitoTestExecutionListener@6b21a3ca, org.springframework.boot.test.autoconfigure.SpringBootDependencyInjectionTestExecutionListener@1b26d63b, org.springframework.test.context.support.DirtiesContextTestExecutionListener@248020dc, org.springframework.test.context.event.EventPublishingTestExecutionListener@30339a5d, org.springframework.boot.test.autoconfigure.restdocs.RestDocsTestExecutionListener@56ea5062, org.springframework.boot.test.autoconfigure.web.client.MockRestServiceServerResetTestExecutionListener@7b50d38a, org.springframework.boot.test.autoconfigure.web.servlet.MockMvcPrintOnlyOnFailureTestExecutionListener@5e738afc, org.springframework.boot.test.autoconfigure.web.servlet.WebDriverTestExecutionListener@723e121d, org.springframework.boot.test.autoconfigure.webservices.client.MockWebServiceServerTestExecutionListener@76d32578, org.springframework.boot.test.mock.mockito.ResetMocksTestExecutionListener@b6264ab]
org.springframework.context.annotation.internalConfigurationAnnotationProcessor
org.springframework.context.annotation.internalAutowiredAnnotationProcessor
org.springframework.context.annotation.internalCommonAnnotationProcessor
org.springframework.context.event.internalEventListenerProcessor
org.springframework.context.event.internalEventListenerFactory
boardConfig
getBoard
toDoList
inProgressList
doneList
]]></system-out>
  <system-err><![CDATA[]]></system-err>
</testsuite>
