<?xml version="1.0" encoding="UTF-8"?>
<testsuite name="com.kodilla.testing.forum.statistics.ForumStatisticsTestSuite$TestPosts" tests="7" skipped="0" failures="0" errors="0" timestamp="2021-03-23T02:25:38" hostname="ANSIBL-AORUS" time="0.35">
  <properties/>
  <testcase name="testCommentsLessThanPosts()" classname="com.kodilla.testing.forum.statistics.ForumStatisticsTestSuite$TestPosts" time="0.336"/>
  <testcase name="test1000Posts()" classname="com.kodilla.testing.forum.statistics.ForumStatisticsTestSuite$TestPosts" time="0.002"/>
  <testcase name="testCommentsMoreThanPosts()" classname="com.kodilla.testing.forum.statistics.ForumStatisticsTestSuite$TestPosts" time="0.002"/>
  <testcase name="test0Posts" classname="com.kodilla.testing.forum.statistics.ForumStatisticsTestSuite$TestPosts" time="0.002"/>
  <testcase name="test0Users()" classname="com.kodilla.testing.forum.statistics.ForumStatisticsTestSuite$TestPosts" time="0.001"/>
  <testcase name="test100Users()" classname="com.kodilla.testing.forum.statistics.ForumStatisticsTestSuite$TestPosts" time="0.002"/>
  <testcase name="test0Comments()" classname="com.kodilla.testing.forum.statistics.ForumStatisticsTestSuite$TestPosts" time="0.002"/>
  <system-out><![CDATA[Preparing to execute test #1
TEST: comments less than posts
Quantity of users: 10
Quantity of posts: 20
Quantity of comments: 10
Average posts per user: 2.0
Average comments per user: 1.0
Average comments per post: 0.5

Preparing to execute test #2
TEST: 1000 posts
Quantity of users: 10
Quantity of posts: 1000
Quantity of comments: 10
Average posts per user: 100.0
Average comments per user: 1.0
Average comments per post: 0.01

Preparing to execute test #3
TEST: comments more than posts
Quantity of users: 10
Quantity of posts: 20
Quantity of comments: 40
Average posts per user: 2.0
Average comments per user: 4.0
Average comments per post: 2.0

Preparing to execute test #4
TEST: 0 posts
Quantity of users: 10
Quantity of posts: 0
Quantity of comments: 10
Average posts per user: 0.0
Average comments per user: 1.0
Average comments per post: 0.0

Preparing to execute test #5
TEST: 0 users
Quantity of users: 0
Quantity of posts: 0
Quantity of comments: 10
Average posts per user: 0.0
Average comments per user: 0.0
Average comments per post: 0.0

Preparing to execute test #6
TEST: 1000 users
Quantity of users: 100
Quantity of posts: 200
Quantity of comments: 1000
Average posts per user: 2.0
Average comments per user: 10.0
Average comments per post: 5.0

Preparing to execute test #7
TEST: 0 comments
Quantity of users: 10
Quantity of posts: 20
Quantity of comments: 0
Average posts per user: 2.0
Average comments per user: 0.0
Average comments per post: 0.0

]]></system-out>
  <system-err><![CDATA[]]></system-err>
</testsuite>
