<?xml version="1.0" encoding="UTF-8"?>
<testsuite name="Tests for OddNumbersExterminator" tests="2" skipped="0" failures="0" errors="0" timestamp="2021-03-23T02:25:38" hostname="ANSIBL-AORUS" time="0.013">
  <properties/>
  <testcase name="Testing empty list" classname="com.kodilla.testing.collection.CollectionTestSuite$OddNumbersExterminatorTestSuite" time="0.012"/>
  <testcase name="Testing empty list" classname="com.kodilla.testing.collection.CollectionTestSuite$OddNumbersExterminatorTestSuite" time="0.001"/>
  <system-out><![CDATA[Collection Case: test #1
Collection Case: end

Collection Case: test #2
Collection Case: end

]]></system-out>
  <system-err><![CDATA[]]></system-err>
</testsuite>
