<?xml version="1.0" encoding="UTF-8"?>
<testsuite name="com.kodilla.testing.library.BookDirectoryTestSuite" tests="6" skipped="0" failures="0" errors="0" timestamp="2021-03-23T02:25:38" hostname="ANSIBL-AORUS" time="0.042">
  <properties/>
  <testcase name="testListBooksWithConditionFragmentShorterThan3()" classname="com.kodilla.testing.library.BookDirectoryTestSuite" time="0.015"/>
  <testcase name="testListBooksWithConditionMoreThan20()" classname="com.kodilla.testing.library.BookDirectoryTestSuite" time="0.004"/>
  <testcase name="testListBooksWithConditionsReturnList()" classname="com.kodilla.testing.library.BookDirectoryTestSuite" time="0.001"/>
  <testcase name="testListBooksInHandsOf1Book()" classname="com.kodilla.testing.library.BookDirectoryTestSuite" time="0.019"/>
  <testcase name="testListBooksInHandsOf0Books()" classname="com.kodilla.testing.library.BookDirectoryTestSuite" time="0.001"/>
  <testcase name="testListBooksInHandsOf5Books()" classname="com.kodilla.testing.library.BookDirectoryTestSuite" time="0.001"/>
  <system-out><![CDATA[Collection Case: test #1

Collection Case: test #2

Collection Case: test #3

Collection Case: test #4
1 book: [com.kodilla.testing.library.Book@c772229f]

Collection Case: test #5
0 books: []

Collection Case: test #6
5 books: [com.kodilla.testing.library.Book@c772229f, com.kodilla.testing.library.Book@c7722680, com.kodilla.testing.library.Book@c7722a61, com.kodilla.testing.library.Book@c7722e42, com.kodilla.testing.library.Book@c7723223]

]]></system-out>
  <system-err><![CDATA[]]></system-err>
</testsuite>
