<?xml version="1.0" encoding="UTF-8"?>
<testsuite name="Tests for posts" tests="7" skipped="0" failures="0" errors="0" timestamp="2021-03-23T02:25:38" hostname="ANSIBL-AORUS" time="0.005">
  <properties/>
  <testcase name="testRemovePostNotExisting()" classname="com.kodilla.testing.forum.tdd.ForumTestSuite$TestPosts" time="0.002"/>
  <testcase name="testAddPost()" classname="com.kodilla.testing.forum.tdd.ForumTestSuite$TestPosts" time="0.001"/>
  <testcase name="testRemoveCommentNotExisting()" classname="com.kodilla.testing.forum.tdd.ForumTestSuite$TestPosts" time="0.0"/>
  <testcase name="testRemoveComment()" classname="com.kodilla.testing.forum.tdd.ForumTestSuite$TestPosts" time="0.0"/>
  <testcase name="testRemovePost()" classname="com.kodilla.testing.forum.tdd.ForumTestSuite$TestPosts" time="0.0"/>
  <testcase name="testGetComment()" classname="com.kodilla.testing.forum.tdd.ForumTestSuite$TestPosts" time="0.001"/>
  <testcase name="testAddComment()" classname="com.kodilla.testing.forum.tdd.ForumTestSuite$TestPosts" time="0.0"/>
  <system-out><![CDATA[Preparing to execute test #1
Preparing to execute test #2
Preparing to execute test #3
Preparing to execute test #4
Preparing to execute test #5
Preparing to execute test #6
Preparing to execute test #7
]]></system-out>
  <system-err><![CDATA[]]></system-err>
</testsuite>
