<?xml version="1.0" encoding="UTF-8"?>
<testsuite name="com.kodilla.testing.shape.tdd.ShapeTestSuite" tests="0" skipped="0" failures="0" errors="0" timestamp="1970-01-01T00:00:00" hostname="ANSIBL-AORUS" time="0.0">
  <properties/>
  <system-out><![CDATA[Collection SUITE: begin

Collection SUITE: end
]]></system-out>
  <system-err><![CDATA[]]></system-err>
</testsuite>
