<?xml version="1.0" encoding="UTF-8"?>
<testsuite name="com.kodilla.KodillaTestApplication" tests="1" skipped="0" failures="0" errors="0" timestamp="2021-06-08T02:15:34" hostname="ANSIBL-AORUS" time="0.261">
  <properties/>
  <testcase name="contextLoad()" classname="com.kodilla.KodillaTestApplication" time="0.261"/>
  <system-out><![CDATA[04:15:32.874 [Test worker] DEBUG org.springframework.test.context.BootstrapUtils - Instantiating CacheAwareContextLoaderDelegate from class [org.springframework.test.context.cache.DefaultCacheAwareContextLoaderDelegate]
04:15:32.885 [Test worker] DEBUG org.springframework.test.context.BootstrapUtils - Instantiating BootstrapContext using constructor [public org.springframework.test.context.support.DefaultBootstrapContext(java.lang.Class,org.springframework.test.context.CacheAwareContextLoaderDelegate)]
04:15:32.910 [Test worker] DEBUG org.springframework.test.context.BootstrapUtils - Instantiating TestContextBootstrapper for test class [com.kodilla.KodillaTestApplication] from class [org.springframework.boot.test.context.SpringBootTestContextBootstrapper]
04:15:32.919 [Test worker] INFO org.springframework.boot.test.context.SpringBootTestContextBootstrapper - Neither @ContextConfiguration nor @ContextHierarchy found for test class [com.kodilla.KodillaTestApplication], using SpringBootContextLoader
04:15:32.922 [Test worker] DEBUG org.springframework.test.context.support.AbstractContextLoader - Did not detect default resource location for test class [com.kodilla.KodillaTestApplication]: class path resource [com/kodilla/KodillaTestApplication-context.xml] does not exist
04:15:32.923 [Test worker] DEBUG org.springframework.test.context.support.AbstractContextLoader - Did not detect default resource location for test class [com.kodilla.KodillaTestApplication]: class path resource [com/kodilla/KodillaTestApplicationContext.groovy] does not exist
04:15:32.923 [Test worker] INFO org.springframework.test.context.support.AbstractContextLoader - Could not detect default resource locations for test class [com.kodilla.KodillaTestApplication]: no resource found for suffixes {-context.xml, Context.groovy}.
04:15:32.923 [Test worker] INFO org.springframework.test.context.support.AnnotationConfigContextLoaderUtils - Could not detect default configuration classes for test class [com.kodilla.KodillaTestApplication]: KodillaTestApplication does not declare any static, non-private, non-final, nested classes annotated with @Configuration.
04:15:32.955 [Test worker] DEBUG org.springframework.test.context.support.ActiveProfilesUtils - Could not find an 'annotation declaring class' for annotation type [org.springframework.test.context.ActiveProfiles] and class [com.kodilla.KodillaTestApplication]
04:15:33.000 [Test worker] DEBUG org.springframework.context.annotation.ClassPathScanningCandidateComponentProvider - Identified candidate component class: file [C:\Development\Projects\kodilla-course\build\classes\java\main\com\kodilla\KodillaApplication.class]
04:15:33.001 [Test worker] INFO org.springframework.boot.test.context.SpringBootTestContextBootstrapper - Found @SpringBootConfiguration com.kodilla.KodillaApplication for test class com.kodilla.KodillaTestApplication
04:15:33.079 [Test worker] DEBUG org.springframework.boot.test.context.SpringBootTestContextBootstrapper - @TestExecutionListeners is not present for class [com.kodilla.KodillaTestApplication]: using defaults.
04:15:33.080 [Test worker] INFO org.springframework.boot.test.context.SpringBootTestContextBootstrapper - Loaded default TestExecutionListener class names from location [META-INF/spring.factories]: [org.springframework.boot.test.autoconfigure.restdocs.RestDocsTestExecutionListener, org.springframework.boot.test.autoconfigure.web.client.MockRestServiceServerResetTestExecutionListener, org.springframework.boot.test.autoconfigure.web.servlet.MockMvcPrintOnlyOnFailureTestExecutionListener, org.springframework.boot.test.autoconfigure.web.servlet.WebDriverTestExecutionListener, org.springframework.boot.test.autoconfigure.webservices.client.MockWebServiceServerTestExecutionListener, org.springframework.boot.test.mock.mockito.MockitoTestExecutionListener, org.springframework.boot.test.mock.mockito.ResetMocksTestExecutionListener, org.springframework.test.context.web.ServletTestExecutionListener, org.springframework.test.context.support.DirtiesContextBeforeModesTestExecutionListener, org.springframework.test.context.support.DependencyInjectionTestExecutionListener, org.springframework.test.context.support.DirtiesContextTestExecutionListener, org.springframework.test.context.transaction.TransactionalTestExecutionListener, org.springframework.test.context.jdbc.SqlScriptsTestExecutionListener, org.springframework.test.context.event.EventPublishingTestExecutionListener]
04:15:33.089 [Test worker] DEBUG org.springframework.boot.test.context.SpringBootTestContextBootstrapper - Skipping candidate TestExecutionListener [org.springframework.test.context.transaction.TransactionalTestExecutionListener] due to a missing dependency. Specify custom listener classes or make the default listener classes and their required dependencies available. Offending class: [org/springframework/transaction/interceptor/TransactionAttributeSource]
04:15:33.089 [Test worker] DEBUG org.springframework.boot.test.context.SpringBootTestContextBootstrapper - Skipping candidate TestExecutionListener [org.springframework.test.context.jdbc.SqlScriptsTestExecutionListener] due to a missing dependency. Specify custom listener classes or make the default listener classes and their required dependencies available. Offending class: [org/springframework/transaction/interceptor/TransactionAttribute]
04:15:33.089 [Test worker] INFO org.springframework.boot.test.context.SpringBootTestContextBootstrapper - Using TestExecutionListeners: [org.springframework.test.context.web.ServletTestExecutionListener@6d323246, org.springframework.test.context.support.DirtiesContextBeforeModesTestExecutionListener@7e2aaa4e, org.springframework.boot.test.mock.mockito.MockitoTestExecutionListener@16b0a5c1, org.springframework.boot.test.autoconfigure.SpringBootDependencyInjectionTestExecutionListener@4cbf5529, org.springframework.test.context.support.DirtiesContextTestExecutionListener@3063eefa, org.springframework.test.context.event.EventPublishingTestExecutionListener@1bb05a62, org.springframework.boot.test.autoconfigure.restdocs.RestDocsTestExecutionListener@83d6a78, org.springframework.boot.test.autoconfigure.web.client.MockRestServiceServerResetTestExecutionListener@3e1d604b, org.springframework.boot.test.autoconfigure.web.servlet.MockMvcPrintOnlyOnFailureTestExecutionListener@11a64d4c, org.springframework.boot.test.autoconfigure.web.servlet.WebDriverTestExecutionListener@85c7650, org.springframework.boot.test.autoconfigure.webservices.client.MockWebServiceServerTestExecutionListener@6bd1b389, org.springframework.boot.test.mock.mockito.ResetMocksTestExecutionListener@3e1b8980]
04:15:33.092 [Test worker] DEBUG org.springframework.test.context.support.AbstractDirtiesContextTestExecutionListener - Before test class: context [DefaultTestContext@2e4bc28f testClass = KodillaTestApplication, testInstance = [null], testMethod = [null], testException = [null], mergedContextConfiguration = [WebMergedContextConfiguration@516c0456 testClass = KodillaTestApplication, locations = '{}', classes = '{class com.kodilla.KodillaApplication}', contextInitializerClasses = '[]', activeProfiles = '{}', propertySourceLocations = '{}', propertySourceProperties = '{org.springframework.boot.test.context.SpringBootTestContextBootstrapper=true}', contextCustomizers = set[org.springframework.boot.test.autoconfigure.actuate.metrics.MetricsExportContextCustomizerFactory$DisableMetricExportContextCustomizer@52c7449a, org.springframework.boot.test.autoconfigure.properties.PropertyMappingContextCustomizer@0, org.springframework.boot.test.autoconfigure.web.servlet.WebDriverContextCustomizerFactory$Customizer@15dbf34d, org.springframework.boot.test.context.filter.ExcludeFilterContextCustomizer@5e22ccaa, org.springframework.boot.test.json.DuplicateJsonObjectContextCustomizerFactory$DuplicateJsonObjectContextCustomizer@75a0e17a, org.springframework.boot.test.mock.mockito.MockitoContextCustomizer@0, org.springframework.boot.test.web.client.TestRestTemplateContextCustomizer@523f867, org.springframework.boot.test.web.reactive.server.WebTestClientContextCustomizer@9008502, org.springframework.boot.test.context.SpringBootTestArgs@1, org.springframework.boot.test.context.SpringBootTestWebEnvironment@17b6307c], resourceBasePath = 'src/main/webapp', contextLoader = 'org.springframework.boot.test.context.SpringBootContextLoader', parent = [null]], attributes = map['org.springframework.test.context.web.ServletTestExecutionListener.activateListener' -> true]], class annotated with @DirtiesContext [false] with mode [null].
04:15:33.125 [Test worker] DEBUG org.springframework.test.context.support.TestPropertySourceUtils - Adding inlined properties to environment: {spring.jmx.enabled=false, org.springframework.boot.test.context.SpringBootTestContextBootstrapper=true}

  .   ____          _            __ _ _
 /\\ / ___'_ __ _ _(_)_ __  __ _ \ \ \ \
( ( )\___ | '_ | '_| | '_ \/ _` | \ \ \ \
 \\/  ___)| |_)| | | | | || (_| |  ) ) ) )
  '  |____| .__|_| |_|_| |_\__, | / / / /
 =========|_|==============|___/=/_/_/_/
 :: Spring Boot ::                (v2.4.0)

2021-06-08 04:15:33.310  INFO 2016 --- [    Test worker] com.kodilla.KodillaTestApplication       : Starting KodillaTestApplication using Java 11.0.9 on Ansibl-Aorus with PID 2016 (started by wiesz in C:\Development\Projects\kodilla-course)
2021-06-08 04:15:33.312  INFO 2016 --- [    Test worker] com.kodilla.KodillaTestApplication       : No active profile set, falling back to default profiles: default
2021-06-08 04:15:34.117  INFO 2016 --- [    Test worker] o.s.s.concurrent.ThreadPoolTaskExecutor  : Initializing ExecutorService 'applicationTaskExecutor'
2021-06-08 04:15:34.329  INFO 2016 --- [    Test worker] com.kodilla.KodillaTestApplication       : Started KodillaTestApplication in 1.198 seconds (JVM running for 2.255)
]]></system-out>
  <system-err><![CDATA[]]></system-err>
</testsuite>
