<?xml version="1.0" encoding="UTF-8"?>
<testsuite name="com.kodilla.patterns.singleton.LoggerTestSuite" tests="1" skipped="0" failures="0" errors="0" timestamp="2021-03-23T02:25:26" hostname="ANSIBL-AORUS" time="0.0">
  <properties/>
  <testcase name="testGetLastLog()" classname="com.kodilla.patterns.singleton.LoggerTestSuite" time="0.0"/>
  <system-out><![CDATA[Log: [Rewelacyjny przykĹ‚ad logowania niczego.]
]]></system-out>
  <system-err><![CDATA[]]></system-err>
</testsuite>
