<?xml version="1.0" encoding="UTF-8"?>
<testsuite name="com.kodilla.patterns.strategy.social.UserTestSuite" tests="2" skipped="0" failures="0" errors="0" timestamp="2021-03-23T02:25:26" hostname="ANSIBL-AORUS" time="0.003">
  <properties/>
  <testcase name="testDefaultSharingStrategies()" classname="com.kodilla.patterns.strategy.social.UserTestSuite" time="0.003"/>
  <testcase name="testIndividualSharingStrategy()" classname="com.kodilla.patterns.strategy.social.UserTestSuite" time="0.0"/>
  <system-out><![CDATA[Marysia shares on: Facebook
Krzys shares on: Twitter
Jessika shares on: Snapchat
Jessika shares on: Snapchat
Jessika NOW shares on: Facebook
]]></system-out>
  <system-err><![CDATA[]]></system-err>
</testsuite>
