<?xml version="1.0" encoding="UTF-8"?>
<testsuite name="com.kodilla.patterns.prototype.library.LibraryTestSuite" tests="1" skipped="0" failures="0" errors="0" timestamp="2021-03-23T02:25:26" hostname="ANSIBL-AORUS" time="0.005">
  <properties/>
  <testcase name="testGetBooks()" classname="com.kodilla.patterns.prototype.library.LibraryTestSuite" time="0.005"/>
  <system-out><![CDATA[Library [Amejzon]
Book{title='Title1', author='Author1', publicationDate=2001-01-01}
Book{title='Title2', author='Author2', publicationDate=2002-01-01}
Book{title='Title3', author='Author3', publicationDate=2003-01-01}
Book{title='Title4', author='Author4', publicationDate=2004-01-01}
Book{title='Title5', author='Author5', publicationDate=2005-01-01}
Book{title='Title6', author='Author6', publicationDate=2006-01-01}
Book{title='Title7', author='Author7', publicationDate=2007-01-01}
Book{title='Title8', author='Author8', publicationDate=2008-01-01}
Book{title='Title9', author='Author9', publicationDate=2009-01-01}
Book{title='Title10', author='Author10', publicationDate=2010-01-01}

Library [Shallow Merlin]
Book{title='Title1', author='Author1', publicationDate=2001-01-01}
Book{title='Title2', author='Author2', publicationDate=2002-01-01}
Book{title='Title3', author='Author3', publicationDate=2003-01-01}
Book{title='Title4', author='Author4', publicationDate=2004-01-01}
Book{title='Title5', author='Author5', publicationDate=2005-01-01}
Book{title='Title6', author='Author6', publicationDate=2006-01-01}
Book{title='Title7', author='Author7', publicationDate=2007-01-01}
Book{title='Title8', author='Author8', publicationDate=2008-01-01}
Book{title='Title9', author='Author9', publicationDate=2009-01-01}
Book{title='Title10', author='Author10', publicationDate=2010-01-01}

Library [Deep Merlin]
Book{title='Title1', author='Author1', publicationDate=2001-01-01}
Book{title='Title2', author='Author2', publicationDate=2002-01-01}
Book{title='Title3', author='Author3', publicationDate=2003-01-01}
Book{title='Title4', author='Author4', publicationDate=2004-01-01}
Book{title='Title5', author='Author5', publicationDate=2005-01-01}
Book{title='Title6', author='Author6', publicationDate=2006-01-01}
Book{title='Title7', author='Author7', publicationDate=2007-01-01}
Book{title='Title8', author='Author8', publicationDate=2008-01-01}
Book{title='Title9', author='Author9', publicationDate=2009-01-01}
Book{title='Title10', author='Author10', publicationDate=2010-01-01}

Library [Amejzon]
Book{title='Title1', author='Author1', publicationDate=2001-01-01}
Book{title='Title2', author='Author2', publicationDate=2002-01-01}
Book{title='Title3', author='Author3', publicationDate=2003-01-01}
Book{title='Title4', author='Author4', publicationDate=2004-01-01}
Book{title='Title5', author='Author5', publicationDate=2005-01-01}
Book{title='Title6', author='Author6', publicationDate=2006-01-01}
Book{title='Title7', author='Author7', publicationDate=2007-01-01}
Book{title='Title8', author='Author8', publicationDate=2008-01-01}
Book{title='Title9', author='Author9', publicationDate=2009-01-01}

Library [Shallow Merlin]
Book{title='Title1', author='Author1', publicationDate=2001-01-01}
Book{title='Title2', author='Author2', publicationDate=2002-01-01}
Book{title='Title3', author='Author3', publicationDate=2003-01-01}
Book{title='Title4', author='Author4', publicationDate=2004-01-01}
Book{title='Title5', author='Author5', publicationDate=2005-01-01}
Book{title='Title6', author='Author6', publicationDate=2006-01-01}
Book{title='Title7', author='Author7', publicationDate=2007-01-01}
Book{title='Title8', author='Author8', publicationDate=2008-01-01}
Book{title='Title9', author='Author9', publicationDate=2009-01-01}

Library [Deep Merlin]
Book{title='Title1', author='Author1', publicationDate=2001-01-01}
Book{title='Title2', author='Author2', publicationDate=2002-01-01}
Book{title='Title3', author='Author3', publicationDate=2003-01-01}
Book{title='Title4', author='Author4', publicationDate=2004-01-01}
Book{title='Title5', author='Author5', publicationDate=2005-01-01}
Book{title='Title6', author='Author6', publicationDate=2006-01-01}
Book{title='Title7', author='Author7', publicationDate=2007-01-01}
Book{title='Title8', author='Author8', publicationDate=2008-01-01}
Book{title='Title9', author='Author9', publicationDate=2009-01-01}
Book{title='Title10', author='Author10', publicationDate=2010-01-01}

]]></system-out>
  <system-err><![CDATA[]]></system-err>
</testsuite>
