<?xml version="1.0" encoding="UTF-8"?>
<testsuite name="com.kodilla.spring.web.KodillaSpringWebApplicationTests" tests="1" skipped="0" failures="0" errors="0" timestamp="2021-03-23T02:25:34" hostname="ANSIBL-AORUS" time="0.239">
  <properties/>
  <testcase name="contextLoads()" classname="com.kodilla.spring.web.KodillaSpringWebApplicationTests" time="0.239"/>
  <system-out><![CDATA[03:25:33.507 [Test worker] DEBUG org.springframework.test.context.BootstrapUtils - Instantiating CacheAwareContextLoaderDelegate from class [org.springframework.test.context.cache.DefaultCacheAwareContextLoaderDelegate]
03:25:33.517 [Test worker] DEBUG org.springframework.test.context.BootstrapUtils - Instantiating BootstrapContext using constructor [public org.springframework.test.context.support.DefaultBootstrapContext(java.lang.Class,org.springframework.test.context.CacheAwareContextLoaderDelegate)]
03:25:33.537 [Test worker] DEBUG org.springframework.test.context.BootstrapUtils - Instantiating TestContextBootstrapper for test class [com.kodilla.spring.web.KodillaSpringWebApplicationTests] from class [org.springframework.boot.test.context.SpringBootTestContextBootstrapper]
03:25:33.548 [Test worker] INFO org.springframework.boot.test.context.SpringBootTestContextBootstrapper - Neither @ContextConfiguration nor @ContextHierarchy found for test class [com.kodilla.spring.web.KodillaSpringWebApplicationTests], using SpringBootContextLoader
03:25:33.552 [Test worker] DEBUG org.springframework.test.context.support.AbstractContextLoader - Did not detect default resource location for test class [com.kodilla.spring.web.KodillaSpringWebApplicationTests]: class path resource [com/kodilla/spring/web/KodillaSpringWebApplicationTests-context.xml] does not exist
03:25:33.552 [Test worker] DEBUG org.springframework.test.context.support.AbstractContextLoader - Did not detect default resource location for test class [com.kodilla.spring.web.KodillaSpringWebApplicationTests]: class path resource [com/kodilla/spring/web/KodillaSpringWebApplicationTestsContext.groovy] does not exist
03:25:33.552 [Test worker] INFO org.springframework.test.context.support.AbstractContextLoader - Could not detect default resource locations for test class [com.kodilla.spring.web.KodillaSpringWebApplicationTests]: no resource found for suffixes {-context.xml, Context.groovy}.
03:25:33.552 [Test worker] INFO org.springframework.test.context.support.AnnotationConfigContextLoaderUtils - Could not detect default configuration classes for test class [com.kodilla.spring.web.KodillaSpringWebApplicationTests]: KodillaSpringWebApplicationTests does not declare any static, non-private, non-final, nested classes annotated with @Configuration.
03:25:33.581 [Test worker] DEBUG org.springframework.test.context.support.ActiveProfilesUtils - Could not find an 'annotation declaring class' for annotation type [org.springframework.test.context.ActiveProfiles] and class [com.kodilla.spring.web.KodillaSpringWebApplicationTests]
03:25:33.627 [Test worker] DEBUG org.springframework.context.annotation.ClassPathScanningCandidateComponentProvider - Identified candidate component class: file [C:\Development\Projects\kodilla-course\kodilla-spring-web\build\classes\java\main\com\kodilla\spring\web\KodillaSpringWebApplication.class]
03:25:33.628 [Test worker] INFO org.springframework.boot.test.context.SpringBootTestContextBootstrapper - Found @SpringBootConfiguration com.kodilla.spring.web.KodillaSpringWebApplication for test class com.kodilla.spring.web.KodillaSpringWebApplicationTests
03:25:33.704 [Test worker] DEBUG org.springframework.boot.test.context.SpringBootTestContextBootstrapper - @TestExecutionListeners is not present for class [com.kodilla.spring.web.KodillaSpringWebApplicationTests]: using defaults.
03:25:33.704 [Test worker] INFO org.springframework.boot.test.context.SpringBootTestContextBootstrapper - Loaded default TestExecutionListener class names from location [META-INF/spring.factories]: [org.springframework.boot.test.autoconfigure.restdocs.RestDocsTestExecutionListener, org.springframework.boot.test.autoconfigure.web.client.MockRestServiceServerResetTestExecutionListener, org.springframework.boot.test.autoconfigure.web.servlet.MockMvcPrintOnlyOnFailureTestExecutionListener, org.springframework.boot.test.autoconfigure.web.servlet.WebDriverTestExecutionListener, org.springframework.boot.test.autoconfigure.webservices.client.MockWebServiceServerTestExecutionListener, org.springframework.boot.test.mock.mockito.MockitoTestExecutionListener, org.springframework.boot.test.mock.mockito.ResetMocksTestExecutionListener, org.springframework.test.context.web.ServletTestExecutionListener, org.springframework.test.context.support.DirtiesContextBeforeModesTestExecutionListener, org.springframework.test.context.support.DependencyInjectionTestExecutionListener, org.springframework.test.context.support.DirtiesContextTestExecutionListener, org.springframework.test.context.transaction.TransactionalTestExecutionListener, org.springframework.test.context.jdbc.SqlScriptsTestExecutionListener, org.springframework.test.context.event.EventPublishingTestExecutionListener]
03:25:33.714 [Test worker] DEBUG org.springframework.boot.test.context.SpringBootTestContextBootstrapper - Skipping candidate TestExecutionListener [org.springframework.test.context.transaction.TransactionalTestExecutionListener] due to a missing dependency. Specify custom listener classes or make the default listener classes and their required dependencies available. Offending class: [org/springframework/transaction/interceptor/TransactionAttributeSource]
03:25:33.714 [Test worker] DEBUG org.springframework.boot.test.context.SpringBootTestContextBootstrapper - Skipping candidate TestExecutionListener [org.springframework.test.context.jdbc.SqlScriptsTestExecutionListener] due to a missing dependency. Specify custom listener classes or make the default listener classes and their required dependencies available. Offending class: [org/springframework/transaction/interceptor/TransactionAttribute]
03:25:33.714 [Test worker] INFO org.springframework.boot.test.context.SpringBootTestContextBootstrapper - Using TestExecutionListeners: [org.springframework.test.context.web.ServletTestExecutionListener@47594650, org.springframework.test.context.support.DirtiesContextBeforeModesTestExecutionListener@f2529cf, org.springframework.boot.test.mock.mockito.MockitoTestExecutionListener@1ded14fc, org.springframework.boot.test.autoconfigure.SpringBootDependencyInjectionTestExecutionListener@b19af18, org.springframework.test.context.support.DirtiesContextTestExecutionListener@67f03ed, org.springframework.test.context.event.EventPublishingTestExecutionListener@203239bc, org.springframework.boot.test.autoconfigure.restdocs.RestDocsTestExecutionListener@558d83b2, org.springframework.boot.test.autoconfigure.web.client.MockRestServiceServerResetTestExecutionListener@132a9774, org.springframework.boot.test.autoconfigure.web.servlet.MockMvcPrintOnlyOnFailureTestExecutionListener@6db49e97, org.springframework.boot.test.autoconfigure.web.servlet.WebDriverTestExecutionListener@5cfaa544, org.springframework.boot.test.autoconfigure.webservices.client.MockWebServiceServerTestExecutionListener@65d32d7a, org.springframework.boot.test.mock.mockito.ResetMocksTestExecutionListener@22059783]
03:25:33.717 [Test worker] DEBUG org.springframework.test.context.support.AbstractDirtiesContextTestExecutionListener - Before test class: context [DefaultTestContext@69af8164 testClass = KodillaSpringWebApplicationTests, testInstance = [null], testMethod = [null], testException = [null], mergedContextConfiguration = [WebMergedContextConfiguration@4682a74e testClass = KodillaSpringWebApplicationTests, locations = '{}', classes = '{class com.kodilla.spring.web.KodillaSpringWebApplication}', contextInitializerClasses = '[]', activeProfiles = '{}', propertySourceLocations = '{}', propertySourceProperties = '{org.springframework.boot.test.context.SpringBootTestContextBootstrapper=true}', contextCustomizers = set[org.springframework.boot.test.autoconfigure.properties.PropertyMappingContextCustomizer@0, org.springframework.boot.test.autoconfigure.web.servlet.WebDriverContextCustomizerFactory$Customizer@32aa69e0, org.springframework.boot.test.context.filter.ExcludeFilterContextCustomizer@770e4747, org.springframework.boot.test.json.DuplicateJsonObjectContextCustomizerFactory$DuplicateJsonObjectContextCustomizer@366d9cec, org.springframework.boot.test.mock.mockito.MockitoContextCustomizer@0, org.springframework.boot.test.web.client.TestRestTemplateContextCustomizer@6daf7ea9, org.springframework.boot.test.context.SpringBootTestArgs@1], resourceBasePath = 'src/main/webapp', contextLoader = 'org.springframework.boot.test.context.SpringBootContextLoader', parent = [null]], attributes = map['org.springframework.test.context.web.ServletTestExecutionListener.activateListener' -> true]], class annotated with @DirtiesContext [false] with mode [null].
03:25:33.739 [Test worker] DEBUG org.springframework.test.context.support.TestPropertySourceUtils - Adding inlined properties to environment: {spring.jmx.enabled=false, org.springframework.boot.test.context.SpringBootTestContextBootstrapper=true}

  .   ____          _            __ _ _
 /\\ / ___'_ __ _ _(_)_ __  __ _ \ \ \ \
( ( )\___ | '_ | '_| | '_ \/ _` | \ \ \ \
 \\/  ___)| |_)| | | | | || (_| |  ) ) ) )
  '  |____| .__|_| |_|_| |_\__, | / / / /
 =========|_|==============|___/=/_/_/_/
 :: Spring Boot ::        (v2.3.0.RELEASE)

2021-03-23 03:25:33.955  INFO 21452 --- [    Test worker] c.k.s.w.KodillaSpringWebApplicationTests : Starting KodillaSpringWebApplicationTests on Ansibl-Aorus with PID 21452 (started by wiesz in C:\Development\Projects\kodilla-course\kodilla-spring-web)
2021-03-23 03:25:33.956  INFO 21452 --- [    Test worker] c.k.s.w.KodillaSpringWebApplicationTests : No active profile set, falling back to default profiles: default
2021-03-23 03:25:34.781  INFO 21452 --- [    Test worker] o.s.s.concurrent.ThreadPoolTaskExecutor  : Initializing ExecutorService 'applicationTaskExecutor'
2021-03-23 03:25:34.968  INFO 21452 --- [    Test worker] c.k.s.w.KodillaSpringWebApplicationTests : Started KodillaSpringWebApplicationTests in 1.22 seconds (JVM running for 2.276)
]]></system-out>
  <system-err><![CDATA[]]></system-err>
</testsuite>
