<?xml version="1.0" encoding="UTF-8"?>
<testsuite name="com.kodilla.jdbc.StoredProcTestSuite" tests="2" skipped="0" failures="0" errors="0" timestamp="2021-06-09T01:44:52" hostname="ANSIBL-AORUS" time="0.222">
  <properties/>
  <testcase name="testUpdateBestsellers()" classname="com.kodilla.jdbc.StoredProcTestSuite" time="0.194"/>
  <testcase name="testUpdateVipLevels()" classname="com.kodilla.jdbc.StoredProcTestSuite" time="0.028"/>
  <system-out><![CDATA[]]></system-out>
  <system-err><![CDATA[]]></system-err>
</testsuite>
